Jul 24 00:00 : player: played "_Album/Coldplay - The Best Songs (2016)/Coldplay - The Scientist .mp3"
Jul 24 09:37 : player: played "_Album/Coldplay - The Best Songs (2016)/Coldplay - The Scientist .mp3"
Jul 24 09:49 : player: played "_Album/Coldplay - The Best Songs (2016)/Coldplay - The Scientist .mp3"
Jul 24 10:03 : player: played "_Album/Coldplay - The Best Songs (2016)/Coldplay - The Scientist .mp3"
Jul 24 10:08 : player: played "Lana Del Rey/Born To Die/Lana Del Rey - Summertime Sadness.mp3"
Jul 24 10:11 : player: played "_Playlists/Billboard Hot 100 Singles Chart (05.10.2019)/Halsey/Graveyard/Halsey - Graveyard.mp3"
Jul 24 10:15 : player: played "TheFatRat/Unity/TheFatRat - Unity.mp3"
Jul 24 10:25 : player: played "_Playlists/Essentials - nu metal/Evanescence/Fallen/Evanescence - Going Under.mp3"
Jul 24 10:26 : exception: Failed to open /home/han/.config/mpd/playlists: No such file or directory
Jul 24 10:31 : player: played "Fall Out Boy/Save Rock And Roll/Fall Out Boy - The Phoenix.mp3"
Jul 24 11:01 : player: played "Kikagaku Moyo/Masana Temples/Kikagaku Moyo - Dripping Sun.mp3"
Jul 24 12:52 : player: played "Arctic Monkeys/Whatever People Say I Am, That's What I'm Not/Arctic Monkeys - When the Sun Goes Down.mp3"
Jul 24 12:55 : player: played "_Playlists/Impulse/Kimbra/Top of the World/Kimbra - Top of the World.mp3"
Jul 24 12:58 : player: played "Ariana Grande/thank u, next/Ariana Grande - 7 Rings.mp3"
Jul 24 13:04 : player: played "_Playlists/90s Alternative/Pulp/Different Class _ Deluxe Edition/Pulp - Common People.mp3"
Jul 24 13:07 : player: played "_Playlists/Chillwave/Baths/Cerulean/Baths - Aminals.mp3"
Jul 24 19:22 : player: played "Broken Bells/After the Disco/Broken Bells - After the Disco.mp3"
Jul 24 19:25 : player: played "Broken Bells/After the Disco/Broken Bells - After the Disco.mp3"
Jul 24 19:28 : player: played "Against The Current/Gravity/Against The Current - Dreaming Alone feat. Taka.mp3"
Jul 24 19:29 : player: played "AViVA/GRRRLS/AViVA - GRRRLS.mp3"
Jul 25 13:51 : exception: Failed to open /home/han/.config/mpd/playlists: No such file or directory
Jul 25 13:51 : exception: Failed to open /home/han/.config/mpd/playlists: No such file or directory
Jul 25 13:51 : exception: Failed to open /home/han/.config/mpd/playlists: No such file or directory
Jul 25 13:51 : exception: Failed to open /home/han/.config/mpd/playlists: No such file or directory
Jul 25 13:51 : exception: Failed to open /home/han/.config/mpd/playlists: No such file or directory
Jul 25 13:51 : exception: Failed to open /home/han/.config/mpd/playlists: No such file or directory
Jul 25 13:51 : exception: Failed to open /home/han/.config/mpd/playlists: No such file or directory
Jul 25 13:51 : exception: Failed to open /home/han/.config/mpd/playlists: No such file or directory
Jul 25 13:51 : exception: Failed to open /home/han/.config/mpd/playlists: No such file or directory
Jul 25 13:51 : exception: Failed to open /home/han/.config/mpd/playlists: No such file or directory
Jul 25 13:51 : exception: Failed to open /home/han/.config/mpd/playlists: No such file or directory
Jul 25 13:51 : exception: Failed to open /home/han/.config/mpd/playlists: No such file or directory
Jul 25 13:51 : exception: Failed to open /home/han/.config/mpd/playlists: No such file or directory
Jul 25 16:44 : player: played "twenty one pilots/Trench/twenty one pilots - My Blood.mp3"
Jul 25 18:22 : player: played "twenty one pilots/Trench/twenty one pilots - My Blood.mp3"
Jul 25 19:00 : player: played "twenty one pilots/Trench/twenty one pilots - My Blood.mp3"
Jul 25 19:49 : player: played "twenty one pilots/Trench/twenty one pilots - My Blood.mp3"
Jul 25 19:55 : player: played "Grimes/Art Angels/Grimes - REALiTi.mp3"
Jul 25 20:08 : player: played "Grimes/Visions/Grimes - Nightmusic feat. Majical Cloudz.mp3"
Jul 25 20:14 : player: played "_Playlists/Spotify -  New Alternative/EUT/Had Too Much/EUT - Had Too Much.mp3"
Jul 25 20:20 : player: played "_Album/Pink Floyd Essentials/Pink Floyd - Another Brick In The Wall, Pt. 2 (2011 Remastered Version).mp3"
Jul 25 20:26 : player: played "_Playlists/90s Alternative/Nine Inch Nails/The Downward Spiral/Nine Inch Nails - Hurt.mp3"
Jul 25 20:30 : player: played "_Playlists/Spotify just hits/MishCatt/Goofy/MishCatt - Goofy.mp3"
Jul 25 20:33 : player: played "Levianth & Axol/NCS 2017/Levianth & Axol - Remember feat. The Tech Thieves.mp3"
Jul 25 20:39 : player: played "_Playlists/Lazy Indie/Sufjan Stevens/Carrie & Lowell/Sufjan Stevens - Should Have Known Better.mp3"
Jul 25 20:42 : player: played "_Playlists/Evil Exes/Mother Mother/Dance And Cry/Mother Mother - It's Alright.mp3"
Jul 25 20:45 : player: played "_Playlists/Spotify just hits/Mia Rodriguez/BEAUTIFUL & BITTERSWEET/Mia Rodriguez - BEAUTIFUL & BITTERSWEET.mp3"
Jul 25 22:01 : player: played "Thirty Seconds to Mars/A Beautiful Lie/Thirty Seconds to Mars - The Kill (Bury Me).mp3"
Jul 25 22:08 : player: played "Morandi/Kalinka/Morandi - Kalinka.mp3"
Jul 25 22:11 : player: played "Broken Bells/Broken Bells/Broken Bells - Trap Doors.mp3"
Jul 25 22:19 : player: played "_Album/Pink Floyd Essentials/Pink Floyd - Us And Them (2011 Remastered Version).mp3"
Jul 25 22:22 : player: played "_Playlists/Impulse 2/PHANTOGRAM/Three/PHANTOGRAM - You Don’t Get Me High Anymore.mp3"
Jul 25 22:27 : player: played "_Playlists/Impulse/Deru/1979_ Remixed/Deru - 1979 (On A Snowy February Day).mp3"
Jul 25 22:30 : player: played "_Playlists/Essentials - nu metal/Pop Evil/Let The Chaos Reign/Pop Evil - Let The Chaos Reign.mp3"
Jul 25 22:33 : player: played "_Playlists/Essentials - nu metal/Linkin Park/Hybrid Theory (Bonus Edition)/Linkin Park - One Step Closer.mp3"
Jul 25 22:38 : player: played "_Album/Coldplay - The Best Songs (2016)/Coldplay - Speed Of Sound .mp3"
Jul 25 22:41 : player: played "_Playlists/Billboard Hot 100 Singles Chart (05.10.2019)/Shawn Mendes & Camila Cabello/Señorita/Shawn Mendes & Camila Cabello - Señorita.mp3"
Jul 25 22:43 : player: played "SPC ECO/Sirens and Satellites/SPC ECO - LOL the Witch Is Dead.mp3"
Jul 25 22:45 : player: played "_Playlists/Chillwave/Tycho/Epoch/Tycho - Continuum.mp3"
Jul 25 22:48 : player: played "_Playlists/Impulse/Alana Henderson/Let This Remain/Alana Henderson - Let This Remain.mp3"
Jul 25 22:53 : player: played "Disturbed/Pop Giganten_ Cover Hits/Disturbed - The Sound of Silence.mp3"
Jul 26 18:57 : player: played "Marshmello & Halsey/Be Kind - Single/Marshmello & Halsey - Be Kind.mp3"
Jul 26 19:01 : player: played "Marshmello & Halsey/Be Kind - Single/Marshmello & Halsey - Be Kind.mp3"
Jul 26 19:04 : player: played "Against The Current/fever/Against The Current - lullaby.mp3"
Jul 26 19:11 : player: played "ZAYAZ/ZAYAZ/ZAYAZ - Afterburner.mp3"
Jul 26 19:17 : player: played "Thirty Seconds to Mars/Kings and Queens/Thirty Seconds to Mars - Kings and Queens.mp3"
Jul 26 19:21 : player: played "_Album/Avril Lavigne/The Best Damn Thing/Avril Lavigne - Keep Holding On.mp3"
Jul 26 19:26 : player: played "_Playlists/Lazy Indie/USERx, Matt Maeson, Rozwell, Manchester Orchestra/Headsick (feat. Manchester Orchestra)/USERx, Matt Maeson, Rozwell, Manchester Orchestra - Headsick (feat. Manchester Orchestra).mp3"
Jul 26 19:30 : player: played "Massive Attack/Ritual Spirit (EP)/Massive Attack - Voodoo In My Blood.mp3"
Jul 26 19:34 : player: played "_Playlists/Essentials - nu metal/Linkin Park/Hybrid Theory (Bonus Edition)/Linkin Park - In the End.mp3"
Jul 26 19:38 : player: played "_Playlists/Spotify -  New Alternative/The Flaming Lips/American Head/The Flaming Lips - You n Me Sellin' Weed.mp3"
Jul 26 19:41 : player: played "Avicii/AVĪCI (01)/Avicii - Lonely Together feat. Rita Ora.mp3"
Jul 26 19:45 : player: played "Poppy/Flux/Poppy - Bloom.mp3"
Jul 26 19:48 : player: played "_Playlists/Impulse 2/High Plains/Cinderland/High Plains - Cinderland.mp3"
Jul 26 19:53 : player: played "_Playlists/Spotify just hits/LANY/you!/LANY - you!.mp3"
Jul 26 19:56 : player: played "Barns Courtney/404/Barns Courtney - Fun Never Ends.mp3"
Jul 26 20:00 : player: played "_Playlists/Spotify just hits/FMLYBND/Back to Life EP/FMLYBND - Come Alive (Shining).mp3"
Jul 26 20:03 : player: played "R3hab/Freak/R3hab - Freak (extended vocal mix).mp3"
Jul 26 20:07 : player: played "_Playlists/Impulse/Jeremy & The Harlequins/Remember This/Jeremy & The Harlequins - Who's Gonna Save Us.mp3"
Jul 26 20:10 : player: played "_Album/Avril Lavigne/Under My Skin/Avril Lavigne - Nobody's Home.mp3"
Jul 28 19:00 : player: played "Hana/HANA/Hana - Underwater.mp3"
Jul 28 19:05 : player: played "Hana/HANA/Hana - Underwater.mp3"
Jul 28 19:10 : player: played "Against The Current/Past Lives/Against The Current - The Fuss.mp3"
Jul 28 19:12 : player: played "_Playlists/Chillwave/ODESZA/Summer's Gone/ODESZA - How Did I Get Here.mp3"
Jul 28 19:16 : player: played "Thirty Seconds to Mars/Rescue Me - Single/Thirty Seconds to Mars - Rescue Me.mp3"
Jul 28 19:19 : player: played "_Playlists/Spotify -  New Alternative/Blanko/Damn Pandemic/Blanko - Damn Pandemic.mp3"
Jul 28 19:23 : player: played "Broken Bells/After the Disco/Broken Bells - Control.mp3"
Jul 28 19:28 : player: played "_Playlists/Chillwave/DOOMROAR/City of Gold/DOOMROAR - Laser Evolution.mp3"
Jul 28 19:34 : player: played "Panic! At the Disco/Pray For The Wicked/Panic! At the Disco - One of the Drunks.mp3"
Jul 28 19:37 : player: played "Arctic Monkeys/Whatever People Say I Am, That's What I'm Not/Arctic Monkeys - When the Sun Goes Down.mp3"
Jul 28 19:41 : player: played "The Chainsmokers/The Chainsmokers - Paris.mp3"
Jul 28 19:45 : player: played "Poppy/Flux/Poppy - Never Find My Place.mp3"
Jul 28 19:48 : player: played "_Playlists/Impulse/Devin Farney/Stealing Sand from the Sandbox/Devin Farney - Free Your Soul.mp3"
Jul 28 19:57 : ffmpeg/mov,mp4,m4a,3gp,3g2,mj2: stream 0, timescale not set
Jul 28 19:57 : ffmpeg/aac: Could not update timestamps for skipped samples.
Jul 28 19:57 : player: played "TheFatRat/Xenogenesis/TheFatRat - Xenogenesis.mp3"
Jul 28 20:01 : player: played "_Album/Guardians of the Galaxy - Awesome Mix, Vol. 1/05. Elvin Bishop - Fooled Around and Fell In Love.m4a"
Jul 28 20:47 : player: played "_Playlists/Impulse/Billie Eilish/WHEN WE ALL FALL ASLEEP, WHERE DO WE GO_/Billie Eilish - you should see me in a crown.mp3"
Jul 28 20:50 : player: played "Skytech, R3hab/Starflight/Skytech, R3hab - Starflight.mp3"
Jul 28 20:54 : player: played "_Album/Pink Floyd Essentials/Pink Floyd - Hey You (2011 Remastered Version).mp3"
Jul 28 20:59 : player: played "_Playlists/Evil Exes/Jack Stauber's Micropop/Baby Hotline _ Tea Errors/Jack Stauber's Micropop - Baby Hotline.mp3"
Jul 28 21:03 : player: played "twenty one pilots/TOPxMM/twenty one pilots - Heavydirtysoul feat. MUTEMATH.mp3"
Jul 28 21:05 : pipewire_output: Decoder is too slow; playing silence to avoid xrun
Jul 28 21:05 : pipewire_output: Decoder is too slow; playing silence to avoid xrun
Jul 28 21:07 : pipewire_output: Decoder is too slow; playing silence to avoid xrun
Jul 28 21:07 : pipewire_output: Decoder is too slow; playing silence to avoid xrun
Jul 28 21:07 : pipewire_output: Decoder is too slow; playing silence to avoid xrun
Jul 28 21:07 : pipewire_output: Decoder is too slow; playing silence to avoid xrun
Jul 28 21:07 : pipewire_output: Decoder is too slow; playing silence to avoid xrun
Jul 28 21:07 : pipewire_output: Decoder is too slow; playing silence to avoid xrun
Jul 28 21:07 : pipewire_output: Decoder is too slow; playing silence to avoid xrun
Jul 28 21:07 : pipewire_output: Decoder is too slow; playing silence to avoid xrun
Jul 28 21:07 : pipewire_output: Decoder is too slow; playing silence to avoid xrun
Jul 28 21:07 : pipewire_output: Decoder is too slow; playing silence to avoid xrun
Jul 28 21:07 : pipewire_output: Decoder is too slow; playing silence to avoid xrun
Jul 28 21:07 : pipewire_output: Decoder is too slow; playing silence to avoid xrun
Jul 28 21:07 : pipewire_output: Decoder is too slow; playing silence to avoid xrun
Jul 28 21:07 : pipewire_output: Decoder is too slow; playing silence to avoid xrun
Jul 28 21:07 : pipewire_output: Decoder is too slow; playing silence to avoid xrun
Jul 28 21:07 : pipewire_output: Decoder is too slow; playing silence to avoid xrun
Jul 28 21:07 : pipewire_output: Decoder is too slow; playing silence to avoid xrun
Jul 28 21:07 : pipewire_output: Decoder is too slow; playing silence to avoid xrun
Jul 28 21:07 : pipewire_output: Decoder is too slow; playing silence to avoid xrun
Jul 28 21:08 : player: played "_Album/Ready Player One (OST) (2018)/04. Bruce Springsteen - Stand on It.mp3"
Jul 29 21:51 : player: played "Arctic Monkeys/AM/Arctic Monkeys - Snap Out of It.mp3"
Jul 29 21:53 : player: played "_Playlists/Evil Exes/Penelope Scott/The Junkyard 2/Penelope Scott - Sweet Hibiscus Tea.mp3"
Jul 29 21:58 : player: played "_Playlists/Impulse/Deru/1979_ Remixed/Deru - 1979 (On A Snowy February Day).mp3"
Jul 30 16:43 : player: played "_Album/VA - VH1 100 Greatest Artists of All Time (2020)/046. Janis Joplin - Piece of My Heart.mp3"
Jul 30 16:47 : player: played "_Playlists/90s Alternative/Beck/90s Rock/Beck - Loser.mp3"
Jul 30 16:50 : player: played "CMC$ & GRX/X's/CMC$ & GRX - X's (Extended Mix) feat. Icona Pop.mp3"
Jul 30 16:57 : player: played "Oasis/Definitely Maybe/Oasis - Slide Away.mp3"
Jul 30 17:00 : player: played "_Playlists/Impulse 2/Lee Michaels/5th (Remastered)/Lee Michaels - Do You Know What I Mean.mp3"
Jul 30 17:06 : player: played "_Playlists/90s Alternative/Nick Cave & The Bad Seeds/Lovely Creatures - The Best of Nick Cave and The Bad Seeds (1984-2014) (Deluxe Edition)/Nick Cave & The Bad Seeds - Red Right Hand (2011 Remastered Version).mp3"
Jul 30 17:10 : player: played "_Playlists/Lazy Indie/Benny Sings, Tom Misch/Nobody's Fault/Benny Sings, Tom Misch - Nobody's Fault.mp3"
Jul 30 17:15 : player: played "_Playlists/90s Alternative/Happy Mondays/Greatest Hits/Happy Mondays - Step On.mp3"
Jul 30 17:18 : player: played "_Playlists/Evil Exes/Jack Stauber/Pop Food/Jack Stauber - Buttercup.mp3"
Jul 30 17:24 : player: played "_Playlists/Essentials - nu metal/Refused/The New Noise Theology EP/Refused - New Noise.mp3"
Jul 30 17:29 : player: played "_Playlists/Spotify -  New Alternative/Yin Yin/Haw Phin _ Chông Ky/Yin Yin - Chông Ky.mp3"
Jul 30 17:32 : player: played "_Playlists/Chillwave/Slow Magic/Triangle/Slow Magic - Youths.mp3"
Jul 30 17:33 : player: played "_Playlists/Evil Exes/Adventure Time, Olivia Olson/Adventure Time, Vol. 3 (Original Soundtrack)/Adventure Time, Olivia Olson - Everything Stays (feat. Olivia Olson).mp3"
Jul 30 17:37 : player: played "Strix _ Defqwop/Heart Afire/Strix _ Defqwop - Heart Afire.mp3"
Jul 30 19:52 : player: played "Arctic Monkeys/Humbug/Arctic Monkeys - My Propeller.mp3"
Jul 30 19:57 : player: played "_Playlists/Chillwave/Vangelis/Blade Runner (Music From The Original Soundtrack)/Vangelis - Blade Runner (End Titles).mp3"
Jul 30 20:01 : player: played "BABYMETAL/BABYMETAL/BABYMETAL - Megitsune.mp3"
Jul 30 20:04 : player: played "_Playlists/Spotify just hits/Sasha Sloan/Lie/Sasha Sloan - Lie.mp3"
Jul 30 20:07 : player: played "Ariana Grande/thank u, next/Ariana Grande - 7 Rings.mp3"
Jul 30 20:20 : player: played "_Album/VA - VH1 100 Greatest Artists of All Time (2020)/057. Aerosmith - I Don't Want to Miss a Thing (From the Touchstone film, _Armageddon_).mp3"
Jul 30 20:23 : player: played "_Playlists/Impulse/NAATIONS/Kingdom/NAATIONS - Kingdom.mp3"
Jul 30 20:27 : player: played "_Playlists/Impulse 2/Tobacco/Sweatbox Dynasty/Tobacco - Gods in Heat.mp3"
Jul 30 20:29 : player: played "_Playlists/Spotify just hits/Emily Burns/I Love You, You're The Worst/Emily Burns - I Love You, You're The Worst.mp3"
Jul 30 20:34 : player: played "_Playlists/Chillwave/Summer Heart/About A Feeling/Summer Heart - I Wanna Go.mp3"
Jul 30 20:38 : player: played "_Playlists/90s Alternative/The Smashing Pumpkins/Aeroplane Flies High (Deluxe Edition)/The Smashing Pumpkins - 1979.mp3"
Jul 30 20:42 : player: played "_Playlists/90s Alternative/Nirvana/Nevermind (Remastered)/Nirvana - Come As You Are.mp3"
Jul 30 20:45 : player: played "Ariana Grande/Sweetener/Ariana Grande - no tears left to cry.mp3"
Jul 30 20:54 : player: played "twenty one pilots/Trench/twenty one pilots - Chlorine.mp3"
Jul 30 20:56 : player: played "Panic! At the Disco/Pray For The Wicked/Panic! At the Disco - Hey Look Ma, I Made It.mp3"
Jul 30 21:00 : player: played "Kygo & Imagine Dragons/Born to Be Yours/Kygo & Imagine Dragons - Born to Be Yours.mp3"
Jul 30 21:03 : player: played "_Album/VA - VH1 100 Greatest Artists of All Time (2020)/The Velvet Underground/The Velvet Underground & Nico/The Velvet Underground - Sunday Morning.mp3"
Jul 30 21:06 : player: played "Martin Garrix & Bebe Rexha/Top Hits 2017/Martin Garrix & Bebe Rexha - In the Name of Love.mp3"
Jul 30 21:11 : player: played "_Playlists/Impulse/Haley Bonar/Last War/Haley Bonar - Heaven's Made For Two.mp3"
Jul 30 21:16 : player: played "_Album/Pink Floyd Essentials/Pink Floyd - Mother (2011 Remastered Version).mp3"
Jul 30 21:22 : player: played "Massive Attack/Mezzanine/Massive Attack - Teardrop.mp3"
Jul 30 21:25 : player: played "Dua Lipa/Future Nostalgia/Dua Lipa - Physical.mp3"
Jul 31 12:15 : player: played "_Playlists/Spotify -  New Alternative/Future Islands/Moonlight/Future Islands - Moonlight.mp3"
Jul 31 12:17 : player: played "X Ambassadors/BOOM/X Ambassadors - BOOM.mp3"
Jul 31 12:21 : player: played "_Playlists/Evil Exes/Marina/Primadonna/Marina - Primadonna.mp3"
Jul 31 12:25 : player: played "_Playlists/Impulse 2/Malka/I Never Needed Love/Malka - I Never Needed Love.mp3"
Jul 31 12:28 : pipewire_output: Decoder is too slow; playing silence to avoid xrun
Jul 31 16:36 : player: played "Dua Lipa/Dua Lipa (deluxe edition)/Dua Lipa - New Rules.mp3"
Jul 31 16:44 : player: played "Dua Lipa/Dua Lipa (deluxe edition)/Dua Lipa - New Rules.mp3"
Jul 31 16:48 : player: played "Dua Lipa/Dua Lipa (deluxe edition)/Dua Lipa - New Rules.mp3"
Aug 01 07:55 : player: played "_Playlists/Impulse/luc/Glow/luc - Glow.mp3"
Aug 03 16:04 : output: Failed to play on "PipeWire Sound Server" (pipewire): connection error
Aug 03 16:04 : player: played "The Score/Myths & Legends/The Score - Revolution.mp3"
Aug 03 16:51 : player: played "Oasis/(What's the Story) Morning Glory_/Oasis - Wonderwall.mp3"
Aug 03 17:21 : pipewire_output: Decoder is too slow; playing silence to avoid xrun
Aug 03 17:21 : pipewire_output: Decoder is too slow; playing silence to avoid xrun
Aug 03 17:24 : player: played "Panic! At the Disco/Pray For The Wicked/Panic! At the Disco - Hey Look Ma, I Made It.mp3"
Aug 03 17:44 : player: played "Fall Out Boy/M A N I A/Fall Out Boy - Young and Menace.mp3"
Aug 03 19:55 : player: played "Fall Out Boy/M A N I A/Fall Out Boy - Young and Menace.mp3"
Aug 03 20:35 : player: played "Fall Out Boy/M A N I A/Fall Out Boy - Young and Menace.mp3"
Aug 03 20:53 : player: played "Fall Out Boy/M A N I A/Fall Out Boy - Young and Menace.mp3"
Aug 04 08:16 : player: played "Fall Out Boy/M A N I A/Fall Out Boy - Young and Menace.mp3"
Aug 04 08:35 : player: played "Fall Out Boy/M A N I A/Fall Out Boy - Young and Menace.mp3"
Aug 04 19:20 : pipewire_output: Decoder is too slow; playing silence to avoid xrun
Aug 04 19:34 : player: played "Fall Out Boy/M A N I A/Fall Out Boy - Young and Menace.mp3"
Aug 04 19:58 : pipewire_output: Decoder is too slow; playing silence to avoid xrun
Aug 04 20:18 : player: played "Fall Out Boy/M A N I A/Fall Out Boy - Young and Menace.mp3"
Aug 04 20:21 : player: played "Post Malone & Swae Lee/Sunflower (Spider-Man_ Into The Spider-Verse)/Post Malone & Swae Lee - Sunflower (Spider-Man_ Into the Spider-Verse).mp3"
Aug 04 20:25 : player: played "_Album/Guardians of the Galaxy Awesome Mix, Vol. 2 (2017)/04 The Chain.mp3"
Aug 04 20:30 : player: played "_Playlists/Essentials - nu metal/Body Count, Amy Lee/Carnivore/Body Count, Amy Lee - When I'm Gone.mp3"
Aug 04 20:36 : player: played "_Playlists/Spotify just hits/Saint Motel/My Type/Saint Motel - My Type.mp3"
Aug 04 20:38 : player: played "_Playlists/Evil Exes/Mitski/Bury Me At Makeout Creek/Mitski - Last Words of a Shooting Star.mp3"
Aug 04 20:41 : player: played "_Playlists/Billboard Hot 100 Singles Chart (05.10.2019)/Post Malone/Hollywood's Bleeding/Post Malone - Hollywood's Bleeding.mp3"
Aug 04 20:44 : player: played "_Playlists/Evil Exes/Mother Mother/O My Heart/Mother Mother - Hayloft.mp3"
Aug 04 20:47 : player: played "_Playlists/Billboard Hot 100 Singles Chart (05.10.2019)/Blanco Brown/Honeysuckle & Lightning Bugs/Blanco Brown - The Git Up.mp3"
Aug 04 21:22 : player: played "Thirty Seconds to Mars/AMERICA/Thirty Seconds to Mars - Walk on Water.mp3"
Aug 04 21:25 : player: played "_Playlists/Lazy Indie/Lana Del Rey/Norman Fucking Rockwell!/Lana Del Rey - Doin' Time.mp3"
Aug 04 21:28 : player: played "_Playlists/Spotify just hits/Purple Disco Machine, Sophie and the Giants/Hypnotized/Purple Disco Machine, Sophie and the Giants - Hypnotized.mp3"
Aug 04 21:32 : player: played "_Playlists/Impulse 2/A-Trak, Andrew Wyatt/Push/A-Trak, Andrew Wyatt - Push (Radio Edit).mp3"
Aug 04 22:40 : player: played "_Playlists/Chillwave/Various Artists & Brothertiger/Chillwave/Various Artists & Brothertiger - Open Your Eyes.mp3"
Aug 04 22:45 : player: played "Thirty Seconds to Mars/This Is War/Thirty Seconds to Mars - Night of the Hunter.mp3"
Aug 04 22:48 : player: played "_Album/VA - VH1 100 Greatest Artists of All Time (2020)/081. The Drifters - Under the Boardwalk.mp3"
Aug 04 22:52 : player: played "Against The Current/Gravity/Against The Current - Gravity.mp3"
Aug 04 22:55 : player: played "Sia/The Greatest/Sia - The Greatest.mp3"
Aug 04 22:58 : player: played "R3hab/Trouble/R3hab - Trouble feat. VÉRITÉ.mp3"
Aug 04 23:34 : player: played "Martin Garrix & Bebe Rexha/Top Hits 2017/Martin Garrix & Bebe Rexha - In the Name of Love.mp3"
Aug 04 23:36 : player: played "_Playlists/Essentials - nu metal/Static-X/Shadow Zone (U.S. Version)/Static-X - The Only.mp3"
Aug 04 23:40 : player: played "Fall Out Boy/Immortals/Fall Out Boy - Immortals.mp3"
Aug 04 23:47 : player: played "Grimes/Miss Anthropocene/Grimes - IDORU.mp3"
Aug 04 23:51 : pipewire_output: Decoder is too slow; playing silence to avoid xrun
Aug 04 23:54 : player: played "_Album/Bebe Rexha - Essentials (2019)/Machine Gun Kelly, X Ambassadors & Bebe Rexha/Home/Machine Gun Kelly, X Ambassadors & Bebe Rexha - Home.mp3"
Aug 04 23:57 : player: played "_Playlists/Billboard Hot 100 Singles Chart (05.10.2019)/Ali Gatie/It's You/Ali Gatie - It's You.mp3"
Aug 05 00:01 : player: played "_Playlists/Spotify just hits/Sasha Sloan/Lie/Sasha Sloan - Lie.mp3"
Aug 05 00:06 : player: played "_Playlists/Lazy Indie/Bon Iver/Bon Iver/Bon Iver - Holocene.mp3"
Aug 05 00:10 : player: played "Alan Walker/Force/Alan Walker - Force.mp3"
Aug 05 00:14 : player: played "K.Flay/Run for Your Life/K.Flay - Run for Your Life.mp3"
Aug 05 09:27 : player: played "_Album/Guardians of the Galaxy Awesome Mix, Vol. 2 (2017)/14 Guardians Inferno (feat. David Ha.mp3"
Aug 05 09:30 : player: played "_Playlists/Impulse/Devin Farney/Stealing Sand from the Sandbox/Devin Farney - Free Your Soul.mp3"
Aug 05 09:33 : player: played "Maroon 5/V/Maroon 5 - Maps.mp3"
Aug 05 09:37 : player: played "Dua Lipa/Future Nostalgia/Dua Lipa - Good In Bed.mp3"
Aug 05 09:40 : player: played "_Album/Bebe Rexha - Essentials (2019)/Bebe Rexha/Expectations/Bebe Rexha - I'm a Mess.mp3"
Aug 05 16:29 : player: played "_Album/Pink Floyd Essentials/Pink Floyd - Us And Them (2011 Remastered Version).mp3"
Aug 05 16:30 : pipewire_output: Decoder is too slow; playing silence to avoid xrun
Aug 05 16:59 : player: played "_Playlists/Spotify -  New Alternative/Vikings in Tibet/The Art of Staying Half Awake/Vikings in Tibet - Seasons.mp3"
Aug 05 17:03 : player: played "Against The Current/fever/Against The Current - again&again.mp3"
Aug 05 17:06 : player: played "Billie Eilish/Therefore I Am/Billie Eilish - Therefore I Am.mp3"
Aug 05 17:09 : player: played "_Playlists/Spotify -  New Alternative/WARE/Higher/WARE - Electric.mp3"
Aug 05 17:15 : player: played "Arctic Monkeys/Tranquility Base Hotel + Casino/Arctic Monkeys - Star Treatment.mp3"
Aug 05 17:18 : player: played "Arctic Monkeys/AM/Arctic Monkeys - I Wanna Be Yours.mp3"
Aug 05 17:20 : player: played "_Album/VA - VH1 100 Greatest Artists of All Time (2020)/076. The Shirelles - Mama Said.mp3"
Aug 05 17:26 : player: played "SPC ECO/All We Have Is Now/SPC ECO - Troubles Deep.mp3"
Aug 05 17:30 : player: played "_Playlists/Impulse/Ages and Ages/Day from Night/Ages and Ages - Day from Night.mp3"
Aug 05 17:34 : player: played "Lorde/Melodrama/Lorde - Green Light.mp3"
Aug 05 17:40 : player: played "Grimes/Visions/Grimes - Skin.mp3"
Aug 05 17:43 : player: played "Imagine Dragons/Evolve/Imagine Dragons - Believer.mp3"
Aug 05 17:47 : player: played "Against The Current/In Our Bones/Against The Current - Chasing Ghosts.mp3"
Aug 05 17:52 : player: played "BØRNS/Blue Madonna/BØRNS - Man.mp3"
Aug 05 17:57 : player: played "_Playlists/Chillwave/Anachronist/Pure Synthwave, Vol. 1/Anachronist - Bits of Color (Original Mix).mp3"
Aug 05 18:01 : player: played "_Playlists/Essentials - nu metal/Rage Against the Machine/Evil Empire/Rage Against the Machine - Bulls On Parade.mp3"
Aug 05 20:51 : player: played "Hozier/Wasteland, Baby!/Hozier - Almost (Sweet Music).mp3"
Aug 05 20:53 : player: played "Dynoro/Hangover/Dynoro - Hangover.mp3"
Aug 05 20:57 : player: played "Broken Bells/Shelter/Broken Bells - Shelter.mp3"
Aug 05 21:00 : player: played "Panic! At the Disco/Pray For The Wicked/Panic! At the Disco - The Overpass.mp3"
Aug 05 21:05 : player: played "_Playlists/Essentials - nu metal/Disturbed/The Studio Album Collection/Disturbed - Down with the Sickness.mp3"
Aug 05 21:09 : player: played "_Playlists/90s Alternative/Radiohead/OK Computer/Radiohead - No Surprises.mp3"
Aug 05 21:13 : player: played "_Playlists/Chillwave/Inzo/Overthinker/Inzo - Overthinker.mp3"
Aug 05 21:17 : player: played "Dua Lipa/Dua Lipa (deluxe edition)/Dua Lipa - Last Dance.mp3"
Aug 05 21:20 : player: played "_Album/VA - VH1 100 Greatest Artists of All Time (2020)/The Miracles/Hi, We're the Miracles/The Miracles - Shop Around.mp3"
Aug 06 09:32 : player: played "_Playlists/Lazy Indie/King Krule/6 Feet Beneath the Moon/King Krule - Baby Blue.mp3"
Aug 06 12:59 : player: played "_Playlists/Lazy Indie/King Krule/6 Feet Beneath the Moon/King Krule - Baby Blue.mp3"
Aug 06 13:02 : player: played "_Playlists/Impulse/JD McPHERSON/Lucky Penny/JD McPHERSON - Lucky Penny.mp3"
Aug 06 16:45 : exception: Not playing
Aug 06 16:45 : player: played "_Playlists/Impulse/Black Bones/Kili Kili/Black Bones - Deathco.mp3"
Aug 06 16:47 : player: played "_Playlists/Impulse 2/Nancy Barry/Mascot Records Retrospective, Vol. 2/Nancy Barry - Don't Take Me for Granted.mp3"
Aug 06 16:50 : player: played "_Playlists/Evil Exes/Mother Mother/O My Heart/Mother Mother - Hayloft.mp3"
Aug 06 16:54 : player: played "_Playlists/Spotify -  New Alternative/Katy J Pearson/Return/Katy J Pearson - Fix Me Up.mp3"
Aug 07 02:13 : player: played "_Playlists/Evil Exes/The Front Bottoms/Talon of the Hawk/The Front Bottoms - Lone Star.mp3"
Aug 07 10:03 : player: played "_Playlists/Evil Exes/The Front Bottoms/Talon of the Hawk/The Front Bottoms - Lone Star.mp3"
Aug 07 10:53 : player: played "_Playlists/Evil Exes/The Front Bottoms/Talon of the Hawk/The Front Bottoms - Lone Star.mp3"
Aug 07 12:45 : player: played "_Playlists/Evil Exes/The Front Bottoms/Talon of the Hawk/The Front Bottoms - Lone Star.mp3"
Aug 07 16:05 : player: played "BØRNS/Blue Madonna/BØRNS - Man.mp3"
Aug 07 16:08 : player: played "_Album/Ready Player One (OST) (2018)/10. Daryl Hall & John Oates - You Make My Dreams.mp3"
Aug 07 16:12 : player: played "Billie Eilish/dont smile at me/Billie Eilish - ocean eyes.mp3"
Aug 07 16:20 : player: played "Daft Punk/TRON_ Legacy R3C0NF1GUR3D/Daft Punk - Derezzed (Avicii remix).mp3"
Aug 07 16:25 : player: played "Oasis/(What's the Story) Morning Glory_/Oasis - Wonderwall.mp3"
Aug 07 16:29 : player: played "TheFatRat/The Calling/TheFatRat - The Calling feat. Laura Brehm.mp3"
Aug 07 16:32 : player: played "_Playlists/Lazy Indie/Milky Chance/Tainted Love - InVersions 80s/Milky Chance - Tainted Love - InVersions 80s.mp3"
Aug 07 16:37 : player: played "_Playlists/Impulse/Pete Wilde/Sugar & Smoke/Pete Wilde - Savior.mp3"
Aug 07 16:39 : player: played "_Playlists/Essentials - nu metal/Slipknot/Slipknot (10th Anniversary Edition)/Slipknot - Wait and Bleed.mp3"
Aug 07 16:44 : player: played "_Playlists/Spotify -  New Alternative/Maxïmo Park/Child Of The Flatlands/Maxïmo Park - Child Of The Flatlands.mp3"
Aug 07 16:49 : player: played "_Album/Guardians of the Galaxy Awesome Mix, Vol. 2 (2017)/01 Mr. Blue Sky.mp3"
Aug 07 16:58 : player: played "_Playlists/90s Alternative/UNKLE, Richard Ashcroft/Psyence Fiction/UNKLE, Richard Ashcroft - Lonely Soul.mp3"
Aug 07 17:15 : player: played "_Album/Pink Floyd Essentials/Pink Floyd - One Of These Days (2011 Remastered Version).mp3"
Aug 07 17:18 : player: played "_Playlists/Evil Exes/Marina/Electra Heart/Marina - Bubblegum Bitch.mp3"
Aug 07 17:22 : player: played "_Playlists/Billboard Hot 100 Singles Chart (05.10.2019)/DJ Snake, J. Balvin & Tyga/Loco contigo (Cedric Gervais remix)/DJ Snake, J. Balvin & Tyga - Loco contigo (Cedric Gervais remix).mp3"
Aug 07 17:27 : player: played "Coldplay/Ghost Stories/Coldplay - Midnight.mp3"
Aug 07 17:30 : player: played "_Playlists/Impulse 2/Baum/Effortless/Baum - Effortless.mp3"
Aug 08 08:25 : player: played "Thirty Seconds to Mars/Rescue Me - Single/Thirty Seconds to Mars - Rescue Me.mp3"
Aug 08 14:36 : output: Failed to play on "PipeWire Sound Server" (pipewire): connection error
Aug 08 14:36 : player: played "Thirty Seconds to Mars/Rescue Me - Single/Thirty Seconds to Mars - Rescue Me.mp3"
Aug 08 18:15 : player: played "Thirty Seconds to Mars/Rescue Me - Single/Thirty Seconds to Mars - Rescue Me.mp3"
Aug 08 18:19 : player: played "AURORA/All My Demons Greeting Me As A Friend (Deluxe)/AURORA - Runaway.mp3"
Aug 09 08:42 : player: played "Avicii/AVĪCI (01)/Avicii - Lonely Together feat. Rita Ora (1).mp3"
Aug 09 13:41 : output: Failed to play on "PipeWire Sound Server" (pipewire): connection error
Aug 09 13:41 : exception: Failed to open "PipeWire Sound Server" (pipewire); Failed to connect stream: Host is down
Aug 09 13:49 : output: Failed to play on "PipeWire Sound Server" (pipewire): connection error
Aug 09 13:52 : player: played "_Playlists/Impulse 2/Dude York/Tonight/Dude York - Tonight.mp3"
Aug 09 13:55 : player: played "Marshmello/Silence/Marshmello - Silence feat. Khalid.mp3"
Aug 09 13:58 : player: played "Fall Out Boy/M A N I A/Fall Out Boy - Champion.mp3"
Aug 09 14:02 : player: played "RL Grime/Pressure/RL Grime - Pressure.mp3"
Aug 09 14:05 : player: played "_Playlists/Chillwave/Home/Resonance/Home - Resonance.mp3"
Aug 09 14:10 : player: played "_Playlists/Chillwave/Desire/Desire/Desire - Under Your Spell.mp3"
Aug 09 14:14 : player: played "_Playlists/Impulse 2/Wild Child/Expectations/Wild Child - Sinking Ship.mp3"
Aug 09 14:18 : player: played "_Playlists/Billboard Hot 100 Singles Chart (05.10.2019)/Matt Stell/Prayed for You/Matt Stell - Prayed for You.mp3"
Aug 09 14:22 : player: played "_Playlists/Spotify -  New Alternative/LP/The One That You Love/LP - The One That You Love.mp3"
Aug 09 14:25 : player: played "Dua Lipa/Dua Lipa (deluxe edition)/Dua Lipa - Lost in Your Light feat. Miguel.mp3"
Aug 09 14:28 : player: played "Shawn Mendes/Wonder/Shawn Mendes - Wonder.mp3"
Aug 09 14:31 : player: played "Dua Lipa/Future Nostalgia/Dua Lipa - Physical.mp3"
Aug 09 14:34 : player: played "Barns Courtney/404/Barns Courtney - Fun Never Ends.mp3"
Aug 09 14:38 : player: played "Sia/Everyday Is Christmas/Sia - Snowflake.mp3"
Aug 09 14:42 : player: played "_Playlists/Billboard Hot 100 Singles Chart (05.10.2019)/Camila Cabello/Liar/Camila Cabello - Liar.mp3"
Aug 09 14:44 : player: played "Avicii/True/Avicii - Addicted to You.mp3"
Aug 09 14:48 : player: played "_Playlists/Billboard Hot 100 Singles Chart (05.10.2019)/Normani/Bravo Hits 107/Normani - Motivation.mp3"
Aug 09 14:52 : player: played "Coldplay/Parachutes/Coldplay - Trouble.mp3"
Aug 09 14:55 : player: played "DJ Snake & Lil Jon/DJ Snake & Lil Jon - Turn Down For What (Lil Jon Remix) CLEAN feat. Pitbull & Ludacris.mp3"
Aug 09 14:58 : player: played "_Album/VA - VH1 100 Greatest Artists of All Time (2020)/040. Simon & Garfunkel - The Sound of Silence.mp3"
Aug 09 15:02 : player: played "Subtact/Subtact - Want You (ft. Sara Skinner).mp3"
Aug 09 15:06 : player: played "Oasis/(What's the Story) Morning Glory_/Oasis - Roll With It.mp3"
Aug 09 15:10 : player: played "Broken Bells/Broken Bells/Broken Bells - The Mall & Misery.mp3"
Aug 09 15:13 : player: played "_Album/Avril Lavigne/Let Go/Avril Lavigne - Things I'll Never Say.mp3"
Aug 09 15:17 : player: played "Broken Bells/Broken Bells/Broken Bells - Your Head Is on Fire.mp3"
Aug 09 15:20 : player: played "Jonas Blue/Mama/Jonas Blue - Mama.mp3"
Aug 09 15:23 : player: played "_Playlists/Impulse 2/Pixx/The Age of Anxiety/Pixx - I Bow Down.mp3"
Aug 09 15:25 : player: played "Bella Poarch/Build a Bitch/Bella Poarch - Build a Bitch.mp3"
Aug 09 15:30 : player: played "_Playlists/Lazy Indie/USERx, Matt Maeson, Rozwell, Manchester Orchestra/Headsick (feat. Manchester Orchestra)/USERx, Matt Maeson, Rozwell, Manchester Orchestra - Headsick (feat. Manchester Orchestra).mp3"
Aug 09 15:33 : player: played "Dabin & Inukshuk/Wild Youth/Dabin & Inukshuk - Another Day feat. Nevve.mp3"
Aug 09 15:37 : player: played "_Album/VA - VH1 100 Greatest Artists of All Time (2020)/003. Elvis Presley - Suspicious Minds.mp3"
Aug 09 15:41 : player: played "Against The Current/Past Lives/Against The Current - Voices.mp3"
Aug 09 15:44 : player: played "Dua Lipa/Dua Lipa (deluxe edition)/Dua Lipa - Blow Your Mind (Mwah).mp3"
Aug 09 15:48 : player: played "_Playlists/Spotify just hits/Foster the People/Supermodel/Foster the People - Are You What You Want to Be_.mp3"
Aug 09 15:52 : player: played "Grimes/Visions/Grimes - Colour of Moonlight (Antiochus).mp3"
Aug 09 15:56 : player: played "_Playlists/Impulse 2/Celeste Krishna, Monarchs/Those Words, Those Frames/Celeste Krishna, Monarchs - Come on and Move Me.mp3"
Aug 09 15:57 : output: Failed to play on "PipeWire Sound Server" (pipewire): connection error
Aug 09 16:00 : player: played "_Playlists/Spotify -  New Alternative/Rise Against/Broken Dreams, Inc_/Rise Against - Broken Dreams, Inc..mp3"
Aug 09 16:00 : exception: Failed to open "PipeWire Sound Server" (pipewire); Failed to connect stream: Host is down
Aug 09 16:00 : exception: Failed to open "PipeWire Sound Server" (pipewire); Failed to connect stream: Host is down
Aug 09 16:34 : exception: Failed to open "PipeWire Sound Server" (pipewire); Failed to connect stream: Host is down
Aug 09 16:34 : exception: Failed to open "PipeWire Sound Server" (pipewire); Failed to connect stream: Host is down
Aug 09 16:34 : exception: Failed to open "PipeWire Sound Server" (pipewire); Failed to connect stream: Host is down
Aug 09 16:34 : exception: Failed to open "PipeWire Sound Server" (pipewire); Failed to connect stream: Host is down
Aug 09 16:34 : exception: Failed to open "PipeWire Sound Server" (pipewire); Failed to connect stream: Host is down
Aug 09 16:34 : exception: Failed to open "PipeWire Sound Server" (pipewire); Failed to connect stream: Host is down
Aug 10 06:54 : exception: Failed to open "PipeWire Sound Server" (pipewire); Failed to connect stream: Host is down
Aug 10 21:17 : player: played "Strix _ Defqwop/Heart Afire/Strix _ Defqwop - Heart Afire.mp3"
Aug 11 09:52 : output: Failed to play on "PipeWire Sound Server" (pipewire): connection error
Aug 11 09:52 : player: played "Portugal. The Man/Woodstock/Portugal. The Man - Feel It Still.mp3"
